[info] namespace=monitoring release=cno-mon
[svc] grafana=cno-mon-grafana prometheus=kps-prometheus alertmanager=kps-alertmanager loki=loki tempo=tempo
[ok] prometheus up: http://127.0.0.1:9090/-/ready
[ok] alertmanager up: http://127.0.0.1:9093/-/ready
[ok] grafana up: http://127.0.0.1:3000/api/health
[ok] loki up: http://127.0.0.1:3100/ready
[ok] tempo up: http://127.0.0.1:3200/ready
[step] Prometheus targets
[detect] prom_job=kps-prometheus am_job=kps-alertmanager
  - kube-state-metrics up=1
  - node-exporter up=2
  - kps-prometheus up=2
  - kps-alertmanager up=2
[ok] Prometheus targets are up
[step] Loki push/query
  - loki hits=1
[ok] Loki round-trip ok
[step] Tempo readiness
[ok] Tempo /ready 200
[step] Grafana datasources & dashboard endpoints
  - datasource prometheus found
  - datasource loki found
  - datasource tempo found
[ok] Grafana APIs ok
SMOKE RESULT: OK
[cleanup] killing port-forwards
